#
# There is insufficient memory for the Java Runtime Environment to continue.
# Native memory allocation (mmap) failed to map 65536 bytes for Failed to commit metaspace.
# Possible reasons:
#   The system is out of physical RAM or swap space
#   The process is running with CompressedOops enabled, and the Java Heap may be blocking the growth of the native heap
# Possible solutions:
#   Reduce memory load on the system
#   Increase physical memory or swap space
#   Check if swap backing store is full
#   Decrease Java heap size (-Xmx/-Xms)
#   Decrease number of Java threads
#   Decrease Java thread stack sizes (-Xss)
#   Set larger code cache with -XX:ReservedCodeCacheSize=
#   JVM is running with Zero Based Compressed Oops mode in which the Java heap is
#     placed in the first 32GB address space. The Java Heap base address is the
#     maximum limit for the native heap growth. Please use -XX:HeapBaseMinAddress
#     to set the Java Heap base and to place the Java Heap above 32GB virtual address.
# This output file may be truncated or incomplete.
#
#  Out of Memory Error (virtualSpaceNode.cpp:110), pid=48028, tid=49348
#
# JRE version: OpenJDK Runtime Environment Temurin-17.0.3+7 (17.0.3+7) (build 17.0.3+7)
# Java VM: OpenJDK 64-Bit Server VM Temurin-17.0.3+7 (17.0.3+7, mixed mode, sharing, tiered, compressed oops, compressed class ptrs, g1 gc, windows-amd64)
# No core dump will be written. Minidumps are not enabled by default on client versions of Windows
#

---------------  S U M M A R Y ------------

Command Line: -XX:+ShowCodeDetailsInExceptionMessages SquashJudge

Host: Intel(R) Core(TM) i9-9900K CPU @ 3.60GHz, 16 cores, 31G,  Windows 11 , 64 bit Build 22000 (10.0.22000.708)
Time: Tue Sep 27 20:11:54 2022 Egypt Standard Time elapsed time: 1.250537 seconds (0d 0h 0m 1s)

---------------  T H R E A D  ---------------

Current thread (0x000001a95700e410):  JavaThread "main" [_thread_in_vm, id=49348, stack(0x00000071da000000,0x00000071da100000)]

Stack: [0x00000071da000000,0x00000071da100000]
Native frames: (J=compiled Java code, j=interpreted, Vv=VM code, C=native code)
V  [jvm.dll+0x675efa]
V  [jvm.dll+0x830a24]
V  [jvm.dll+0x8321ce]
V  [jvm.dll+0x832833]
V  [jvm.dll+0x2454b5]
V  [jvm.dll+0x82c9cb]
V  [jvm.dll+0x61ab26]
V  [jvm.dll+0x61ab8a]
V  [jvm.dll+0x61d3aa]
V  [jvm.dll+0x61b4c6]
V  [jvm.dll+0x625317]
V  [jvm.dll+0x1ea19b]
V  [jvm.dll+0x1ea6d5]
V  [jvm.dll+0x1eb10f]
V  [jvm.dll+0x1e05b1]
V  [jvm.dll+0x53bb80]
V  [jvm.dll+0x1f0da7]
V  [jvm.dll+0x7aae5b]
V  [jvm.dll+0x7ac202]
V  [jvm.dll+0x7ac538]
V  [jvm.dll+0x23d79e]
V  [jvm.dll+0x37ed5e]
C  0x000001a960dbb817

Java frames: (J=compiled Java code, j=interpreted, Vv=VM code)
j  javax.swing.JScrollPane.createViewport()Ljavax/swing/JViewport;+0 java.desktop@17.0.3
j  javax.swing.JScrollPane.<init>(Ljava/awt/Component;II)V+44 java.desktop@17.0.3
j  javax.swing.plaf.basic.BasicComboPopup.createScroller()Ljavax/swing/JScrollPane;+12 java.desktop@17.0.3
j  javax.swing.plaf.basic.BasicComboPopup.<init>(Ljavax/swing/JComboBox;)V+69 java.desktop@17.0.3
j  javax.swing.plaf.basic.BasicComboBoxUI.createPopup()Ljavax/swing/plaf/basic/ComboPopup;+8 java.desktop@17.0.3
j  javax.swing.plaf.metal.MetalComboBoxUI.createPopup()Ljavax/swing/plaf/basic/ComboPopup;+1 java.desktop@17.0.3
j  javax.swing.plaf.basic.BasicComboBoxUI.installUI(Ljavax/swing/JComponent;)V+21 java.desktop@17.0.3
j  javax.swing.JComponent.setUI(Ljavax/swing/plaf/ComponentUI;)V+52 java.desktop@17.0.3
j  javax.swing.JComboBox.setUI(Ljavax/swing/plaf/ComboBoxUI;)V+2 java.desktop@17.0.3
j  javax.swing.JComboBox.updateUI()V+20 java.desktop@17.0.3
j  javax.swing.JComboBox.init()V+15 java.desktop@17.0.3
j  javax.swing.JComboBox.<init>([Ljava/lang/Object;)V+61 java.desktop@17.0.3
j  SquashJudge.initialScreen()V+234
j  SquashJudge.main([Ljava/lang/String;)V+0
v  ~StubRoutines::call_stub

---------------  P R O C E S S  ---------------

Threads class SMR info:
_java_thread_list=0x000001a97e74adf0, length=15, elements={
0x000001a95700e410, 0x000001a97dc40d40, 0x000001a97dc41300, 0x000001a97dc563a0,
0x000001a97dc56d70, 0x000001a97dc57330, 0x000001a97dc578f0, 0x000001a97dc5c2a0,
0x000001a97dc60260, 0x000001a97dc69790, 0x000001a97e6eee10, 0x000001a97e6f8930,
0x000001a97e8dfb00, 0x000001a97e8f18d0, 0x000001a97e8f1da0
}

Java Threads: ( => current thread )
=>0x000001a95700e410 JavaThread "main" [_thread_in_vm, id=49348, stack(0x00000071da000000,0x00000071da100000)]
  0x000001a97dc40d40 JavaThread "Reference Handler" daemon [_thread_blocked, id=56680, stack(0x00000071da700000,0x00000071da800000)]
  0x000001a97dc41300 JavaThread "Finalizer" daemon [_thread_blocked, id=22048, stack(0x00000071da800000,0x00000071da900000)]
  0x000001a97dc563a0 JavaThread "Signal Dispatcher" daemon [_thread_blocked, id=53560, stack(0x00000071da900000,0x00000071daa00000)]
  0x000001a97dc56d70 JavaThread "Attach Listener" daemon [_thread_blocked, id=53748, stack(0x00000071daa00000,0x00000071dab00000)]
  0x000001a97dc57330 JavaThread "Service Thread" daemon [_thread_blocked, id=42804, stack(0x00000071dab00000,0x00000071dac00000)]
  0x000001a97dc578f0 JavaThread "Monitor Deflation Thread" daemon [_thread_blocked, id=54240, stack(0x00000071dac00000,0x00000071dad00000)]
  0x000001a97dc5c2a0 JavaThread "C2 CompilerThread0" daemon [_thread_blocked, id=56156, stack(0x00000071dad00000,0x00000071dae00000)]
  0x000001a97dc60260 JavaThread "C1 CompilerThread0" daemon [_thread_blocked, id=52400, stack(0x00000071dae00000,0x00000071daf00000)]
  0x000001a97dc69790 JavaThread "Sweeper thread" daemon [_thread_blocked, id=36276, stack(0x00000071daf00000,0x00000071db000000)]
  0x000001a97e6eee10 JavaThread "Notification Thread" daemon [_thread_blocked, id=54184, stack(0x00000071db100000,0x00000071db200000)]
  0x000001a97e6f8930 JavaThread "Common-Cleaner" daemon [_thread_blocked, id=20260, stack(0x00000071db300000,0x00000071db400000)]
  0x000001a97e8dfb00 JavaThread "Java2D Disposer" daemon [_thread_blocked, id=44740, stack(0x00000071db400000,0x00000071db500000)]
  0x000001a97e8f18d0 JavaThread "AWT-Shutdown" [_thread_blocked, id=43532, stack(0x00000071db500000,0x00000071db600000)]
  0x000001a97e8f1da0 JavaThread "AWT-Windows" daemon [_thread_in_native, id=53352, stack(0x00000071db600000,0x00000071db700000)]

Other Threads:
  0x000001a97dc37f80 VMThread "VM Thread" [stack: 0x00000071da600000,0x00000071da700000] [id=55008]
  0x000001a97e6f69d0 WatcherThread [stack: 0x00000071db200000,0x00000071db300000] [id=50188]
  0x000001a959361d50 GCTaskThread "GC Thread#0" [stack: 0x00000071da100000,0x00000071da200000] [id=11408]
  0x000001a959372b10 ConcurrentGCThread "G1 Main Marker" [stack: 0x00000071da200000,0x00000071da300000] [id=42440]
  0x000001a959373680 ConcurrentGCThread "G1 Conc#0" [stack: 0x00000071da300000,0x00000071da400000] [id=59268]
  0x000001a95938e920 ConcurrentGCThread "G1 Refine#0" [stack: 0x00000071da400000,0x00000071da500000] [id=57684]
  0x000001a97db76260 ConcurrentGCThread "G1 Service" [stack: 0x00000071da500000,0x00000071da600000] [id=47628]

Threads with active compile tasks:

VM state: not at safepoint (normal execution)

VM Mutex/Monitor currently owned by a thread:  ([mutex/lock_event])
[0x000001a9592b1dc0] Metaspace_lock - owner thread: 0x000001a95700e410

Heap address: 0x0000000603000000, size: 8144 MB, Compressed Oops mode: Zero based, Oop shift amount: 3

CDS archive(s) mapped at: [0x0000000800000000-0x0000000800bc0000-0x0000000800bc0000), size 12320768, SharedBaseAddress: 0x0000000800000000, ArchiveRelocationMode: 0.
Compressed class space mapped at: 0x0000000800c00000-0x0000000840c00000, reserved size: 1073741824
Narrow klass base: 0x0000000800000000, Narrow klass shift: 0, Narrow klass range: 0x100000000

GC Precious Log:
 CPUs: 16 total, 16 available
 Memory: 32569M
 Large Page Support: Disabled
 NUMA Support: Disabled
 Compressed Oops: Enabled (Zero based)
 Heap Region Size: 4M
 Heap Min Capacity: 8M
 Heap Initial Capacity: 512M
 Heap Max Capacity: 8144M
 Pre-touch: Disabled
 Parallel Workers: 13
 Concurrent Workers: 3
 Concurrent Refinement Workers: 13
 Periodic GC: Disabled

Heap:
 garbage-first heap   total 524288K, used 4096K [0x0000000603000000, 0x0000000800000000)
  region size 4096K, 2 young (8192K), 0 survivors (0K)
 Metaspace       used 5656K, committed 5760K, reserved 1056768K
  class space    used 659K, committed 704K, reserved 1048576K

Heap Regions: E=young(eden), S=young(survivor), O=old, HS=humongous(starts), HC=humongous(continues), CS=collection set, F=free, OA=open archive, CA=closed archive, TAMS=top-at-mark-start (previous, next)
|   0|0x0000000603000000, 0x0000000603000000, 0x0000000603400000|  0%| F|  |TAMS 0x0000000603000000, 0x0000000603000000| Untracked 
|   1|0x0000000603400000, 0x0000000603400000, 0x0000000603800000|  0%| F|  |TAMS 0x0000000603400000, 0x0000000603400000| Untracked 
|   2|0x0000000603800000, 0x0000000603800000, 0x0000000603c00000|  0%| F|  |TAMS 0x0000000603800000, 0x0000000603800000| Untracked 
|   3|0x0000000603c00000, 0x0000000603c00000, 0x0000000604000000|  0%| F|  |TAMS 0x0000000603c00000, 0x0000000603c00000| Untracked 
|   4|0x0000000604000000, 0x0000000604000000, 0x0000000604400000|  0%| F|  |TAMS 0x0000000604000000, 0x0000000604000000| Untracked 
|   5|0x0000000604400000, 0x0000000604400000, 0x0000000604800000|  0%| F|  |TAMS 0x0000000604400000, 0x0000000604400000| Untracked 
|   6|0x0000000604800000, 0x0000000604800000, 0x0000000604c00000|  0%| F|  |TAMS 0x0000000604800000, 0x0000000604800000| Untracked 
|   7|0x0000000604c00000, 0x0000000604c00000, 0x0000000605000000|  0%| F|  |TAMS 0x0000000604c00000, 0x0000000604c00000| Untracked 
|   8|0x0000000605000000, 0x0000000605000000, 0x0000000605400000|  0%| F|  |TAMS 0x0000000605000000, 0x0000000605000000| Untracked 
|   9|0x0000000605400000, 0x0000000605400000, 0x0000000605800000|  0%| F|  |TAMS 0x0000000605400000, 0x0000000605400000| Untracked 
|  10|0x0000000605800000, 0x0000000605800000, 0x0000000605c00000|  0%| F|  |TAMS 0x0000000605800000, 0x0000000605800000| Untracked 
|  11|0x0000000605c00000, 0x0000000605c00000, 0x0000000606000000|  0%| F|  |TAMS 0x0000000605c00000, 0x0000000605c00000| Untracked 
|  12|0x0000000606000000, 0x0000000606000000, 0x0000000606400000|  0%| F|  |TAMS 0x0000000606000000, 0x0000000606000000| Untracked 
|  13|0x0000000606400000, 0x0000000606400000, 0x0000000606800000|  0%| F|  |TAMS 0x0000000606400000, 0x0000000606400000| Untracked 
|  14|0x0000000606800000, 0x0000000606800000, 0x0000000606c00000|  0%| F|  |TAMS 0x0000000606800000, 0x0000000606800000| Untracked 
|  15|0x0000000606c00000, 0x0000000606c00000, 0x0000000607000000|  0%| F|  |TAMS 0x0000000606c00000, 0x0000000606c00000| Untracked 
|  16|0x0000000607000000, 0x0000000607000000, 0x0000000607400000|  0%| F|  |TAMS 0x0000000607000000, 0x0000000607000000| Untracked 
|  17|0x0000000607400000, 0x0000000607400000, 0x0000000607800000|  0%| F|  |TAMS 0x0000000607400000, 0x0000000607400000| Untracked 
|  18|0x0000000607800000, 0x0000000607800000, 0x0000000607c00000|  0%| F|  |TAMS 0x0000000607800000, 0x0000000607800000| Untracked 
|  19|0x0000000607c00000, 0x0000000607c00000, 0x0000000608000000|  0%| F|  |TAMS 0x0000000607c00000, 0x0000000607c00000| Untracked 
|  20|0x0000000608000000, 0x0000000608000000, 0x0000000608400000|  0%| F|  |TAMS 0x0000000608000000, 0x0000000608000000| Untracked 
|  21|0x0000000608400000, 0x0000000608400000, 0x0000000608800000|  0%| F|  |TAMS 0x0000000608400000, 0x0000000608400000| Untracked 
|  22|0x0000000608800000, 0x0000000608800000, 0x0000000608c00000|  0%| F|  |TAMS 0x0000000608800000, 0x0000000608800000| Untracked 
|  23|0x0000000608c00000, 0x0000000608c00000, 0x0000000609000000|  0%| F|  |TAMS 0x0000000608c00000, 0x0000000608c00000| Untracked 
|  24|0x0000000609000000, 0x0000000609000000, 0x0000000609400000|  0%| F|  |TAMS 0x0000000609000000, 0x0000000609000000| Untracked 
|  25|0x0000000609400000, 0x0000000609400000, 0x0000000609800000|  0%| F|  |TAMS 0x0000000609400000, 0x0000000609400000| Untracked 
|  26|0x0000000609800000, 0x0000000609800000, 0x0000000609c00000|  0%| F|  |TAMS 0x0000000609800000, 0x0000000609800000| Untracked 
|  27|0x0000000609c00000, 0x0000000609c00000, 0x000000060a000000|  0%| F|  |TAMS 0x0000000609c00000, 0x0000000609c00000| Untracked 
|  28|0x000000060a000000, 0x000000060a000000, 0x000000060a400000|  0%| F|  |TAMS 0x000000060a000000, 0x000000060a000000| Untracked 
|  29|0x000000060a400000, 0x000000060a400000, 0x000000060a800000|  0%| F|  |TAMS 0x000000060a400000, 0x000000060a400000| Untracked 
|  30|0x000000060a800000, 0x000000060a800000, 0x000000060ac00000|  0%| F|  |TAMS 0x000000060a800000, 0x000000060a800000| Untracked 
|  31|0x000000060ac00000, 0x000000060ac00000, 0x000000060b000000|  0%| F|  |TAMS 0x000000060ac00000, 0x000000060ac00000| Untracked 
|  32|0x000000060b000000, 0x000000060b000000, 0x000000060b400000|  0%| F|  |TAMS 0x000000060b000000, 0x000000060b000000| Untracked 
|  33|0x000000060b400000, 0x000000060b400000, 0x000000060b800000|  0%| F|  |TAMS 0x000000060b400000, 0x000000060b400000| Untracked 
|  34|0x000000060b800000, 0x000000060b800000, 0x000000060bc00000|  0%| F|  |TAMS 0x000000060b800000, 0x000000060b800000| Untracked 
|  35|0x000000060bc00000, 0x000000060bc00000, 0x000000060c000000|  0%| F|  |TAMS 0x000000060bc00000, 0x000000060bc00000| Untracked 
|  36|0x000000060c000000, 0x000000060c000000, 0x000000060c400000|  0%| F|  |TAMS 0x000000060c000000, 0x000000060c000000| Untracked 
|  37|0x000000060c400000, 0x000000060c400000, 0x000000060c800000|  0%| F|  |TAMS 0x000000060c400000, 0x000000060c400000| Untracked 
|  38|0x000000060c800000, 0x000000060c800000, 0x000000060cc00000|  0%| F|  |TAMS 0x000000060c800000, 0x000000060c800000| Untracked 
|  39|0x000000060cc00000, 0x000000060cc00000, 0x000000060d000000|  0%| F|  |TAMS 0x000000060cc00000, 0x000000060cc00000| Untracked 
|  40|0x000000060d000000, 0x000000060d000000, 0x000000060d400000|  0%| F|  |TAMS 0x000000060d000000, 0x000000060d000000| Untracked 
|  41|0x000000060d400000, 0x000000060d400000, 0x000000060d800000|  0%| F|  |TAMS 0x000000060d400000, 0x000000060d400000| Untracked 
|  42|0x000000060d800000, 0x000000060d800000, 0x000000060dc00000|  0%| F|  |TAMS 0x000000060d800000, 0x000000060d800000| Untracked 
|  43|0x000000060dc00000, 0x000000060dc00000, 0x000000060e000000|  0%| F|  |TAMS 0x000000060dc00000, 0x000000060dc00000| Untracked 
|  44|0x000000060e000000, 0x000000060e000000, 0x000000060e400000|  0%| F|  |TAMS 0x000000060e000000, 0x000000060e000000| Untracked 
|  45|0x000000060e400000, 0x000000060e400000, 0x000000060e800000|  0%| F|  |TAMS 0x000000060e400000, 0x000000060e400000| Untracked 
|  46|0x000000060e800000, 0x000000060e800000, 0x000000060ec00000|  0%| F|  |TAMS 0x000000060e800000, 0x000000060e800000| Untracked 
|  47|0x000000060ec00000, 0x000000060ec00000, 0x000000060f000000|  0%| F|  |TAMS 0x000000060ec00000, 0x000000060ec00000| Untracked 
|  48|0x000000060f000000, 0x000000060f000000, 0x000000060f400000|  0%| F|  |TAMS 0x000000060f000000, 0x000000060f000000| Untracked 
|  49|0x000000060f400000, 0x000000060f400000, 0x000000060f800000|  0%| F|  |TAMS 0x000000060f400000, 0x000000060f400000| Untracked 
|  50|0x000000060f800000, 0x000000060f800000, 0x000000060fc00000|  0%| F|  |TAMS 0x000000060f800000, 0x000000060f800000| Untracked 
|  51|0x000000060fc00000, 0x000000060fc00000, 0x0000000610000000|  0%| F|  |TAMS 0x000000060fc00000, 0x000000060fc00000| Untracked 
|  52|0x0000000610000000, 0x0000000610000000, 0x0000000610400000|  0%| F|  |TAMS 0x0000000610000000, 0x0000000610000000| Untracked 
|  53|0x0000000610400000, 0x0000000610400000, 0x0000000610800000|  0%| F|  |TAMS 0x0000000610400000, 0x0000000610400000| Untracked 
|  54|0x0000000610800000, 0x0000000610800000, 0x0000000610c00000|  0%| F|  |TAMS 0x0000000610800000, 0x0000000610800000| Untracked 
|  55|0x0000000610c00000, 0x0000000610c00000, 0x0000000611000000|  0%| F|  |TAMS 0x0000000610c00000, 0x0000000610c00000| Untracked 
|  56|0x0000000611000000, 0x0000000611000000, 0x0000000611400000|  0%| F|  |TAMS 0x0000000611000000, 0x0000000611000000| Untracked 
|  57|0x0000000611400000, 0x0000000611400000, 0x0000000611800000|  0%| F|  |TAMS 0x0000000611400000, 0x0000000611400000| Untracked 
|  58|0x0000000611800000, 0x0000000611800000, 0x0000000611c00000|  0%| F|  |TAMS 0x0000000611800000, 0x0000000611800000| Untracked 
|  59|0x0000000611c00000, 0x0000000611c00000, 0x0000000612000000|  0%| F|  |TAMS 0x0000000611c00000, 0x0000000611c00000| Untracked 
|  60|0x0000000612000000, 0x0000000612000000, 0x0000000612400000|  0%| F|  |TAMS 0x0000000612000000, 0x0000000612000000| Untracked 
|  61|0x0000000612400000, 0x0000000612400000, 0x0000000612800000|  0%| F|  |TAMS 0x0000000612400000, 0x0000000612400000| Untracked 
|  62|0x0000000612800000, 0x0000000612800000, 0x0000000612c00000|  0%| F|  |TAMS 0x0000000612800000, 0x0000000612800000| Untracked 
|  63|0x0000000612c00000, 0x0000000612c00000, 0x0000000613000000|  0%| F|  |TAMS 0x0000000612c00000, 0x0000000612c00000| Untracked 
|  64|0x0000000613000000, 0x0000000613000000, 0x0000000613400000|  0%| F|  |TAMS 0x0000000613000000, 0x0000000613000000| Untracked 
|  65|0x0000000613400000, 0x0000000613400000, 0x0000000613800000|  0%| F|  |TAMS 0x0000000613400000, 0x0000000613400000| Untracked 
|  66|0x0000000613800000, 0x0000000613800000, 0x0000000613c00000|  0%| F|  |TAMS 0x0000000613800000, 0x0000000613800000| Untracked 
|  67|0x0000000613c00000, 0x0000000613c00000, 0x0000000614000000|  0%| F|  |TAMS 0x0000000613c00000, 0x0000000613c00000| Untracked 
|  68|0x0000000614000000, 0x0000000614000000, 0x0000000614400000|  0%| F|  |TAMS 0x0000000614000000, 0x0000000614000000| Untracked 
|  69|0x0000000614400000, 0x0000000614400000, 0x0000000614800000|  0%| F|  |TAMS 0x0000000614400000, 0x0000000614400000| Untracked 
|  70|0x0000000614800000, 0x0000000614800000, 0x0000000614c00000|  0%| F|  |TAMS 0x0000000614800000, 0x0000000614800000| Untracked 
|  71|0x0000000614c00000, 0x0000000614c00000, 0x0000000615000000|  0%| F|  |TAMS 0x0000000614c00000, 0x0000000614c00000| Untracked 
|  72|0x0000000615000000, 0x0000000615000000, 0x0000000615400000|  0%| F|  |TAMS 0x0000000615000000, 0x0000000615000000| Untracked 
|  73|0x0000000615400000, 0x0000000615400000, 0x0000000615800000|  0%| F|  |TAMS 0x0000000615400000, 0x0000000615400000| Untracked 
|  74|0x0000000615800000, 0x0000000615800000, 0x0000000615c00000|  0%| F|  |TAMS 0x0000000615800000, 0x0000000615800000| Untracked 
|  75|0x0000000615c00000, 0x0000000615c00000, 0x0000000616000000|  0%| F|  |TAMS 0x0000000615c00000, 0x0000000615c00000| Untracked 
|  76|0x0000000616000000, 0x0000000616000000, 0x0000000616400000|  0%| F|  |TAMS 0x0000000616000000, 0x0000000616000000| Untracked 
|  77|0x0000000616400000, 0x0000000616400000, 0x0000000616800000|  0%| F|  |TAMS 0x0000000616400000, 0x0000000616400000| Untracked 
|  78|0x0000000616800000, 0x0000000616800000, 0x0000000616c00000|  0%| F|  |TAMS 0x0000000616800000, 0x0000000616800000| Untracked 
|  79|0x0000000616c00000, 0x0000000616c00000, 0x0000000617000000|  0%| F|  |TAMS 0x0000000616c00000, 0x0000000616c00000| Untracked 
|  80|0x0000000617000000, 0x0000000617000000, 0x0000000617400000|  0%| F|  |TAMS 0x0000000617000000, 0x0000000617000000| Untracked 
|  81|0x0000000617400000, 0x0000000617400000, 0x0000000617800000|  0%| F|  |TAMS 0x0000000617400000, 0x0000000617400000| Untracked 
|  82|0x0000000617800000, 0x0000000617800000, 0x0000000617c00000|  0%| F|  |TAMS 0x0000000617800000, 0x0000000617800000| Untracked 
|  83|0x0000000617c00000, 0x0000000617c00000, 0x0000000618000000|  0%| F|  |TAMS 0x0000000617c00000, 0x0000000617c00000| Untracked 
|  84|0x0000000618000000, 0x0000000618000000, 0x0000000618400000|  0%| F|  |TAMS 0x0000000618000000, 0x0000000618000000| Untracked 
|  85|0x0000000618400000, 0x0000000618400000, 0x0000000618800000|  0%| F|  |TAMS 0x0000000618400000, 0x0000000618400000| Untracked 
|  86|0x0000000618800000, 0x0000000618800000, 0x0000000618c00000|  0%| F|  |TAMS 0x0000000618800000, 0x0000000618800000| Untracked 
|  87|0x0000000618c00000, 0x0000000618c00000, 0x0000000619000000|  0%| F|  |TAMS 0x0000000618c00000, 0x0000000618c00000| Untracked 
|  88|0x0000000619000000, 0x0000000619000000, 0x0000000619400000|  0%| F|  |TAMS 0x0000000619000000, 0x0000000619000000| Untracked 
|  89|0x0000000619400000, 0x0000000619400000, 0x0000000619800000|  0%| F|  |TAMS 0x0000000619400000, 0x0000000619400000| Untracked 
|  90|0x0000000619800000, 0x0000000619800000, 0x0000000619c00000|  0%| F|  |TAMS 0x0000000619800000, 0x0000000619800000| Untracked 
|  91|0x0000000619c00000, 0x0000000619c00000, 0x000000061a000000|  0%| F|  |TAMS 0x0000000619c00000, 0x0000000619c00000| Untracked 
|  92|0x000000061a000000, 0x000000061a000000, 0x000000061a400000|  0%| F|  |TAMS 0x000000061a000000, 0x000000061a000000| Untracked 
|  93|0x000000061a400000, 0x000000061a400000, 0x000000061a800000|  0%| F|  |TAMS 0x000000061a400000, 0x000000061a400000| Untracked 
|  94|0x000000061a800000, 0x000000061a800000, 0x000000061ac00000|  0%| F|  |TAMS 0x000000061a800000, 0x000000061a800000| Untracked 
|  95|0x000000061ac00000, 0x000000061ac00000, 0x000000061b000000|  0%| F|  |TAMS 0x000000061ac00000, 0x000000061ac00000| Untracked 
|  96|0x000000061b000000, 0x000000061b000000, 0x000000061b400000|  0%| F|  |TAMS 0x000000061b000000, 0x000000061b000000| Untracked 
|  97|0x000000061b400000, 0x000000061b400000, 0x000000061b800000|  0%| F|  |TAMS 0x000000061b400000, 0x000000061b400000| Untracked 
|  98|0x000000061b800000, 0x000000061b800000, 0x000000061bc00000|  0%| F|  |TAMS 0x000000061b800000, 0x000000061b800000| Untracked 
|  99|0x000000061bc00000, 0x000000061bc00000, 0x000000061c000000|  0%| F|  |TAMS 0x000000061bc00000, 0x000000061bc00000| Untracked 
| 100|0x000000061c000000, 0x000000061c000000, 0x000000061c400000|  0%| F|  |TAMS 0x000000061c000000, 0x000000061c000000| Untracked 
| 101|0x000000061c400000, 0x000000061c400000, 0x000000061c800000|  0%| F|  |TAMS 0x000000061c400000, 0x000000061c400000| Untracked 
| 102|0x000000061c800000, 0x000000061c800000, 0x000000061cc00000|  0%| F|  |TAMS 0x000000061c800000, 0x000000061c800000| Untracked 
| 103|0x000000061cc00000, 0x000000061cc00000, 0x000000061d000000|  0%| F|  |TAMS 0x000000061cc00000, 0x000000061cc00000| Untracked 
| 104|0x000000061d000000, 0x000000061d000000, 0x000000061d400000|  0%| F|  |TAMS 0x000000061d000000, 0x000000061d000000| Untracked 
| 105|0x000000061d400000, 0x000000061d400000, 0x000000061d800000|  0%| F|  |TAMS 0x000000061d400000, 0x000000061d400000| Untracked 
| 106|0x000000061d800000, 0x000000061d800000, 0x000000061dc00000|  0%| F|  |TAMS 0x000000061d800000, 0x000000061d800000| Untracked 
| 107|0x000000061dc00000, 0x000000061dc00000, 0x000000061e000000|  0%| F|  |TAMS 0x000000061dc00000, 0x000000061dc00000| Untracked 
| 108|0x000000061e000000, 0x000000061e000000, 0x000000061e400000|  0%| F|  |TAMS 0x000000061e000000, 0x000000061e000000| Untracked 
| 109|0x000000061e400000, 0x000000061e400000, 0x000000061e800000|  0%| F|  |TAMS 0x000000061e400000, 0x000000061e400000| Untracked 
| 110|0x000000061e800000, 0x000000061e800000, 0x000000061ec00000|  0%| F|  |TAMS 0x000000061e800000, 0x000000061e800000| Untracked 
| 111|0x000000061ec00000, 0x000000061ec00000, 0x000000061f000000|  0%| F|  |TAMS 0x000000061ec00000, 0x000000061ec00000| Untracked 
| 112|0x000000061f000000, 0x000000061f000000, 0x000000061f400000|  0%| F|  |TAMS 0x000000061f000000, 0x000000061f000000| Untracked 
| 113|0x000000061f400000, 0x000000061f400000, 0x000000061f800000|  0%| F|  |TAMS 0x000000061f400000, 0x000000061f400000| Untracked 
| 114|0x000000061f800000, 0x000000061f800000, 0x000000061fc00000|  0%| F|  |TAMS 0x000000061f800000, 0x000000061f800000| Untracked 
| 115|0x000000061fc00000, 0x000000061fc00000, 0x0000000620000000|  0%| F|  |TAMS 0x000000061fc00000, 0x000000061fc00000| Untracked 
| 116|0x0000000620000000, 0x0000000620000000, 0x0000000620400000|  0%| F|  |TAMS 0x0000000620000000, 0x0000000620000000| Untracked 
| 117|0x0000000620400000, 0x0000000620400000, 0x0000000620800000|  0%| F|  |TAMS 0x0000000620400000, 0x0000000620400000| Untracked 
| 118|0x0000000620800000, 0x0000000620800000, 0x0000000620c00000|  0%| F|  |TAMS 0x0000000620800000, 0x0000000620800000| Untracked 
| 119|0x0000000620c00000, 0x0000000620c00000, 0x0000000621000000|  0%| F|  |TAMS 0x0000000620c00000, 0x0000000620c00000| Untracked 
| 120|0x0000000621000000, 0x0000000621000000, 0x0000000621400000|  0%| F|  |TAMS 0x0000000621000000, 0x0000000621000000| Untracked 
| 121|0x0000000621400000, 0x0000000621400000, 0x0000000621800000|  0%| F|  |TAMS 0x0000000621400000, 0x0000000621400000| Untracked 
| 122|0x0000000621800000, 0x0000000621800000, 0x0000000621c00000|  0%| F|  |TAMS 0x0000000621800000, 0x0000000621800000| Untracked 
| 123|0x0000000621c00000, 0x0000000621c00000, 0x0000000622000000|  0%| F|  |TAMS 0x0000000621c00000, 0x0000000621c00000| Untracked 
| 124|0x0000000622000000, 0x0000000622000000, 0x0000000622400000|  0%| F|  |TAMS 0x0000000622000000, 0x0000000622000000| Untracked 
| 125|0x0000000622400000, 0x0000000622400000, 0x0000000622800000|  0%| F|  |TAMS 0x0000000622400000, 0x0000000622400000| Untracked 
| 126|0x0000000622800000, 0x0000000622971400, 0x0000000622c00000| 36%| E|  |TAMS 0x0000000622800000, 0x0000000622800000| Complete 
| 127|0x0000000622c00000, 0x0000000623000000, 0x0000000623000000|100%| E|CS|TAMS 0x0000000622c00000, 0x0000000622c00000| Complete 

Card table byte_map: [0x000001a971610000,0x000001a972600000] _byte_map_base: 0x000001a96e5f8000

Marking Bits (Prev, Next): (CMBitMap*) 0x000001a959362360, (CMBitMap*) 0x000001a9593623a0
 Prev Bits: [0x000001a9735f0000, 0x000001a97b530000)
 Next Bits: [0x000001a900000000, 0x000001a907f40000)

Polling page: 0x000001a957220000

Metaspace:

Usage:
  Non-class:      4.88 MB used.
      Class:    659.20 KB used.
       Both:      5.52 MB used.

Virtual space:
  Non-class space:        8.00 MB reserved,       4.94 MB ( 62%) committed,  1 nodes.
      Class space:        1.00 GB reserved,     704.00 KB ( <1%) committed,  1 nodes.
             Both:        1.01 GB reserved,       5.62 MB ( <1%) committed. 

Chunk freelists:
   Non-Class:  2.91 MB
       Class:  3.25 MB
        Both:  6.16 MB

MaxMetaspaceSize: unlimited
CompressedClassSpaceSize: 1.00 GB
Initial GC threshold: 21.00 MB
Current GC threshold: 21.00 MB
CDS: on
MetaspaceReclaimPolicy: balanced
 - commit_granule_bytes: 65536.
 - commit_granule_words: 8192.
 - virtual_space_node_default_size: 1048576.
 - enlarge_chunks_in_place: 1.
 - new_chunks_are_fully_committed: 0.
 - uncommit_free_chunks: 1.
 - use_allocation_guard: 0.
 - handle_deallocations: 1.


Internal statistics:

num_allocs_failed_limit: 0.
num_arena_births: 88.
num_arena_deaths: 0.
num_vsnodes_births: 2.
num_vsnodes_deaths: 0.
num_space_committed: 90.
num_space_uncommitted: 0.
num_chunks_returned_to_freelist: 0.
num_chunks_taken_from_freelist: 120.
num_chunk_merges: 0.
num_chunk_splits: 67.
num_chunks_enlarged: 20.
num_purges: 0.
num_inconsistent_stats: 0.

CodeHeap 'non-profiled nmethods': size=119168Kb used=125Kb max_used=125Kb free=119042Kb
 bounds [0x000001a968940000, 0x000001a968bb0000, 0x000001a96fda0000]
CodeHeap 'profiled nmethods': size=119104Kb used=772Kb max_used=772Kb free=118331Kb
 bounds [0x000001a9614f0000, 0x000001a961760000, 0x000001a968940000]
CodeHeap 'non-nmethods': size=7488Kb used=1178Kb max_used=1727Kb free=6309Kb
 bounds [0x000001a960da0000, 0x000001a961010000, 0x000001a9614f0000]
 total_blobs=973 nmethods=495 adapters=391
 compilation: enabled
              stopped_count=0, restarted_count=0
 full_count=0

Compilation events (20 events):
Event: 1.235 Thread 0x000001a97dc60260 nmethod 484 0x000001a9615a8710 code [0x000001a9615a88e0, 0x000001a9615a8e38]
Event: 1.236 Thread 0x000001a97dc60260  486   !   3       javax.swing.UIDefaults::getFromHashtable (239 bytes)
Event: 1.237 Thread 0x000001a97dc60260 nmethod 486 0x000001a9615a9010 code [0x000001a9615a9320, 0x000001a9615aa808]
Event: 1.237 Thread 0x000001a97dc60260  485       1       java.awt.Component::getObjectLock (5 bytes)
Event: 1.237 Thread 0x000001a97dc60260 nmethod 485 0x000001a96895f010 code [0x000001a96895f1a0, 0x000001a96895f278]
Event: 1.238 Thread 0x000001a97dc60260  487       3       javax.swing.UIDefaults::get (21 bytes)
Event: 1.238 Thread 0x000001a97dc60260 nmethod 487 0x000001a9615aad90 code [0x000001a9615aaf40, 0x000001a9615ab138]
Event: 1.238 Thread 0x000001a97dc60260  488       3       javax.swing.SwingUtilities::appContextGet (8 bytes)
Event: 1.238 Thread 0x000001a97dc60260 nmethod 488 0x000001a9615ab210 code [0x000001a9615ab3c0, 0x000001a9615ab518]
Event: 1.240 Thread 0x000001a97dc60260  489   !   3       javax.swing.UIManager::getLAFState (61 bytes)
Event: 1.240 Thread 0x000001a97dc60260 nmethod 489 0x000001a9615ab610 code [0x000001a9615ab860, 0x000001a9615abfc8]
Event: 1.243 Thread 0x000001a97dc60260  490       3       javax.swing.ArrayTable::isArray (8 bytes)
Event: 1.243 Thread 0x000001a97dc60260 nmethod 490 0x000001a9615ac310 code [0x000001a9615ac4a0, 0x000001a9615ac6b8]
Event: 1.243 Thread 0x000001a97dc60260  491       3       java.util.StringTokenizer::scanToken (179 bytes)
Event: 1.245 Thread 0x000001a97dc60260 nmethod 491 0x000001a9615ac790 code [0x000001a9615acb00, 0x000001a9615ae158]
Event: 1.245 Thread 0x000001a97dc60260  492       3       java.util.StringTokenizer::skipDelimiters (116 bytes)
Event: 1.245 Thread 0x000001a97dc60260 nmethod 492 0x000001a9615ae910 code [0x000001a9615aebc0, 0x000001a9615af928]
Event: 1.246 Thread 0x000001a97dc60260  493       3       java.lang.Character::charCount (12 bytes)
Event: 1.246 Thread 0x000001a97dc60260 nmethod 493 0x000001a9615afe10 code [0x000001a9615affa0, 0x000001a9615b0118]
Event: 1.246 Thread 0x000001a97dc60260  494       3       java.lang.StringConcatHelper::newString (67 bytes)

GC Heap History (0 events):
No events

Deoptimization events (0 events):
No events

Classes unloaded (0 events):
No events

Classes redefined (0 events):
No events

Internal exceptions (10 events):
Event: 0.141 Thread 0x000001a95700e410 Exception <a 'java/lang/ClassNotFoundException'{0x0000000622e2d648}: sun/awt/resources/spi/awtProvider> (0x0000000622e2d648) 
thrown [e:\jenkins\tmp\workspace\build\src\src\hotspot\share\classfile\systemDictionary.cpp, line 256]
Event: 0.171 Thread 0x000001a95700e410 Exception <a 'java/io/FileNotFoundException'{0x0000000622e866e8}> (0x0000000622e866e8) 
thrown [e:\jenkins\tmp\workspace\build\src\src\hotspot\share\prims\jni.cpp, line 516]
Event: 0.180 Thread 0x000001a95700e410 Exception <a 'java/io/FileNotFoundException'{0x0000000622eb3640}> (0x0000000622eb3640) 
thrown [e:\jenkins\tmp\workspace\build\src\src\hotspot\share\prims\jni.cpp, line 516]
Event: 0.221 Thread 0x000001a95700e410 Exception <a 'java/lang/NoSuchMethodError'{0x0000000622ef3c88}: 'java.lang.Object java.lang.invoke.DirectMethodHandle$Holder.invokeStaticInit(java.lang.Object)'> (0x0000000622ef3c88) 
thrown [e:\jenkins\tmp\workspace\build\src\src\hotspot\share\interpreter\linkResolver.cpp, line 766]
Event: 1.151 Thread 0x000001a95700e410 Exception <a 'java/lang/NoSuchMethodError'{0x0000000622f3d8a8}: 'void java.lang.invoke.DirectMethodHandle$Holder.invokeSpecial(java.lang.Object, java.lang.Object, java.lang.Object)'> (0x0000000622f3d8a8) 
thrown [e:\jenkins\tmp\workspace\build\src\src\hotspot\share\interpreter\linkResolver.cpp, line 766]
Event: 1.161 Thread 0x000001a95700e410 Exception <a 'java/lang/NoSuchMethodError'{0x0000000622fe2808}: 'java.lang.Object java.lang.invoke.DirectMethodHandle$Holder.newInvokeSpecial(java.lang.Object, java.lang.Object, java.lang.Object, java.lang.Object, java.lang.Object)'> (0x0000000622fe2808) 
thrown [e:\jenkins\tmp\workspace\build\src\src\hotspot\share\interpreter\linkResolver.cpp, line 766]
Event: 1.164 Thread 0x000001a95700e410 Exception <a 'java/lang/NoSuchMethodError'{0x0000000622fee1d0}: 'java.lang.Object java.lang.invoke.DirectMethodHandle$Holder.invokeStatic(java.lang.Object, int, java.lang.Object, java.lang.Object, java.lang.Object, java.lang.Object)'> (0x0000000622fee1d0) 
thrown [e:\jenkins\tmp\workspace\build\src\src\hotspot\share\interpreter\linkResolver.cpp, line 766]
Event: 1.170 Thread 0x000001a95700e410 Exception <a 'java/lang/NoSuchMethodError'{0x0000000622813f68}: 'java.lang.Object java.lang.invoke.DirectMethodHandle$Holder.invokeStatic(java.lang.Object, int, java.lang.Object)'> (0x0000000622813f68) 
thrown [e:\jenkins\tmp\workspace\build\src\src\hotspot\share\interpreter\linkResolver.cpp, line 766]
Event: 1.208 Thread 0x000001a95700e410 Exception <a 'java/lang/ClassNotFoundException'{0x00000006228cba78}: com/sun/swing/internal/plaf/metal/resources/spi/metalProvider> (0x00000006228cba78) 
thrown [e:\jenkins\tmp\workspace\build\src\src\hotspot\share\classfile\systemDictionary.cpp, line 256]
Event: 1.208 Thread 0x000001a95700e410 Exception <a 'java/lang/ClassNotFoundException'{0x00000006228cf6a8}: com/sun/swing/internal/plaf/basic/resources/spi/basicProvider> (0x00000006228cf6a8) 
thrown [e:\jenkins\tmp\workspace\build\src\src\hotspot\share\classfile\systemDictionary.cpp, line 256]

VM Operations (8 events):
Event: 1.063 Executing VM operation: Cleanup
Event: 1.063 Executing VM operation: Cleanup done
Event: 1.208 Executing VM operation: HandshakeAllThreads
Event: 1.208 Executing VM operation: HandshakeAllThreads done
Event: 1.228 Executing VM operation: HandshakeAllThreads
Event: 1.228 Executing VM operation: HandshakeAllThreads done
Event: 1.231 Executing VM operation: HandshakeAllThreads
Event: 1.231 Executing VM operation: HandshakeAllThreads done

Events (20 events):
Event: 1.243 loading class javax/swing/ListCellRenderer done
Event: 1.243 loading class javax/swing/DefaultListCellRenderer done
Event: 1.243 loading class javax/swing/DefaultListCellRenderer$UIResource done
Event: 1.243 loading class javax/swing/plaf/basic/BasicListUI$Handler
Event: 1.243 loading class javax/swing/plaf/basic/BasicListUI$Handler done
Event: 1.244 loading class javax/swing/JMenu
Event: 1.244 loading class javax/swing/JMenu done
Event: 1.244 loading class javax/swing/event/ListSelectionEvent
Event: 1.244 loading class javax/swing/event/ListSelectionEvent done
Event: 1.244 loading class javax/swing/plaf/basic/BasicComboPopup$Handler
Event: 1.245 loading class javax/swing/plaf/basic/BasicComboPopup$Handler done
Event: 1.245 loading class javax/swing/JScrollPane
Event: 1.245 loading class javax/swing/ScrollPaneConstants
Event: 1.245 loading class javax/swing/ScrollPaneConstants done
Event: 1.245 loading class javax/swing/JScrollPane done
Event: 1.245 loading class javax/swing/ScrollPaneLayout$UIResource
Event: 1.245 loading class javax/swing/ScrollPaneLayout
Event: 1.245 loading class javax/swing/ScrollPaneLayout done
Event: 1.245 loading class javax/swing/ScrollPaneLayout$UIResource done
Event: 1.245 loading class javax/swing/JViewport


Dynamic libraries:
0x00007ff70bf20000 - 0x00007ff70bf2e000 	C:\Users\youss\AppData\Local\Programs\Eclipse Adoptium\jdk-17.0.3.7-hotspot\bin\java.exe
0x00007ffac8ac0000 - 0x00007ffac8cc9000 	C:\WINDOWS\SYSTEM32\ntdll.dll
0x00007ffac8210000 - 0x00007ffac82cd000 	C:\WINDOWS\System32\KERNEL32.DLL
0x00007ffac6500000 - 0x00007ffac687c000 	C:\WINDOWS\System32\KERNELBASE.dll
0x00007ffac6150000 - 0x00007ffac6261000 	C:\WINDOWS\System32\ucrtbase.dll
0x00007ffab3e80000 - 0x00007ffab3e99000 	C:\Users\youss\AppData\Local\Programs\Eclipse Adoptium\jdk-17.0.3.7-hotspot\bin\VCRUNTIME140.dll
0x00007ffab3ee0000 - 0x00007ffab3ef8000 	C:\Users\youss\AppData\Local\Programs\Eclipse Adoptium\jdk-17.0.3.7-hotspot\bin\jli.dll
0x00007ffac6e20000 - 0x00007ffac6fcd000 	C:\WINDOWS\System32\USER32.dll
0x00007ffac6880000 - 0x00007ffac68a6000 	C:\WINDOWS\System32\win32u.dll
0x00007ffac51c0000 - 0x00007ffac5465000 	C:\WINDOWS\WinSxS\amd64_microsoft.windows.common-controls_6595b64144ccf1df_6.0.22000.120_none_9d947278b86cc467\COMCTL32.dll
0x00007ffac69c0000 - 0x00007ffac69e9000 	C:\WINDOWS\System32\GDI32.dll
0x00007ffac69f0000 - 0x00007ffac6a93000 	C:\WINDOWS\System32\msvcrt.dll
0x00007ffac6270000 - 0x00007ffac6389000 	C:\WINDOWS\System32\gdi32full.dll
0x00007ffac68b0000 - 0x00007ffac694d000 	C:\WINDOWS\System32\msvcp_win.dll
0x00007ffac81b0000 - 0x00007ffac81e1000 	C:\WINDOWS\System32\IMM32.DLL
0x00007ffabe8f0000 - 0x00007ffabe8fc000 	C:\Users\youss\AppData\Local\Programs\Eclipse Adoptium\jdk-17.0.3.7-hotspot\bin\vcruntime140_1.dll
0x00007ffa7d3a0000 - 0x00007ffa7d431000 	C:\Users\youss\AppData\Local\Programs\Eclipse Adoptium\jdk-17.0.3.7-hotspot\bin\msvcp140.dll
0x00007ffa1b0d0000 - 0x00007ffa1bd18000 	C:\Users\youss\AppData\Local\Programs\Eclipse Adoptium\jdk-17.0.3.7-hotspot\bin\server\jvm.dll
0x00007ffac8010000 - 0x00007ffac80be000 	C:\WINDOWS\System32\ADVAPI32.dll
0x00007ffac6aa0000 - 0x00007ffac6b3e000 	C:\WINDOWS\System32\sechost.dll
0x00007ffac8960000 - 0x00007ffac8a80000 	C:\WINDOWS\System32\RPCRT4.dll
0x00007ffac6b40000 - 0x00007ffac6b48000 	C:\WINDOWS\System32\PSAPI.DLL
0x00007ffa83400000 - 0x00007ffa83409000 	C:\WINDOWS\SYSTEM32\WSOCK32.dll
0x00007ffabe540000 - 0x00007ffabe573000 	C:\WINDOWS\SYSTEM32\WINMM.dll
0x00007ffabc450000 - 0x00007ffabc45a000 	C:\WINDOWS\SYSTEM32\VERSION.dll
0x00007ffac82d0000 - 0x00007ffac833f000 	C:\WINDOWS\System32\WS2_32.dll
0x00007ffac4a50000 - 0x00007ffac4a68000 	C:\WINDOWS\SYSTEM32\kernel.appcore.dll
0x00007ffabe790000 - 0x00007ffabe79a000 	C:\Users\youss\AppData\Local\Programs\Eclipse Adoptium\jdk-17.0.3.7-hotspot\bin\jimage.dll
0x00007ffac58f0000 - 0x00007ffac5b11000 	C:\WINDOWS\SYSTEM32\DBGHELP.DLL
0x00007ffac5630000 - 0x00007ffac5661000 	C:\WINDOWS\SYSTEM32\dbgcore.DLL
0x00007ffac5fa0000 - 0x00007ffac601f000 	C:\WINDOWS\System32\bcryptPrimitives.dll
0x00007ffab3cc0000 - 0x00007ffab3ce5000 	C:\Users\youss\AppData\Local\Programs\Eclipse Adoptium\jdk-17.0.3.7-hotspot\bin\java.dll
0x00007ffa7d2c0000 - 0x00007ffa7d396000 	C:\Users\youss\AppData\Local\Programs\Eclipse Adoptium\jdk-17.0.3.7-hotspot\bin\jsvml.dll
0x00007ffac7850000 - 0x00007ffac8008000 	C:\WINDOWS\System32\SHELL32.dll
0x00007ffac3a50000 - 0x00007ffac42b8000 	C:\WINDOWS\SYSTEM32\windows.storage.dll
0x00007ffac72b0000 - 0x00007ffac7629000 	C:\WINDOWS\System32\combase.dll
0x00007ffac38e0000 - 0x00007ffac3a46000 	C:\WINDOWS\SYSTEM32\wintypes.dll
0x00007ffac6be0000 - 0x00007ffac6cca000 	C:\WINDOWS\System32\SHCORE.dll
0x00007ffac7630000 - 0x00007ffac768d000 	C:\WINDOWS\System32\shlwapi.dll
0x00007ffac5ed0000 - 0x00007ffac5ef1000 	C:\WINDOWS\SYSTEM32\profapi.dll
0x00007ffa790b0000 - 0x00007ffa7923e000 	C:\Users\youss\AppData\Local\Programs\Eclipse Adoptium\jdk-17.0.3.7-hotspot\bin\awt.dll
0x00007ffac6cd0000 - 0x00007ffac6da6000 	C:\WINDOWS\System32\OLEAUT32.dll
0x00007ffac1f40000 - 0x00007ffac1fd1000 	C:\WINDOWS\SYSTEM32\apphelp.dll
0x00007ffac3270000 - 0x00007ffac329f000 	C:\WINDOWS\system32\DWMAPI.DLL
0x00007ffac2030000 - 0x00007ffac20dc000 	C:\WINDOWS\system32\uxtheme.dll
0x00007ffa8ee60000 - 0x00007ffa8ef61000 	C:\WINDOWS\system32\opengl32.dll
0x00007ffa99190000 - 0x00007ffa991bd000 	C:\WINDOWS\SYSTEM32\GLU32.dll
0x00007ffac30b0000 - 0x00007ffac30e8000 	C:\WINDOWS\SYSTEM32\dxcore.dll
0x00007ffa4dc20000 - 0x00007ffa4dd51000 	C:\ProgramData\A-Volute\DellInc.AlienwareSoundCenter\Modules\ScheduledModules\x64\AudioDevProps2.dll
0x00007ffac87c0000 - 0x00007ffac895a000 	C:\WINDOWS\System32\ole32.dll
0x00007ffa4dee0000 - 0x00007ffa4df8e000 	C:\ProgramData\A-Volute\DellInc.AlienwareSoundCenter\Modules\ScheduledModules\x64\NahimicOSD.dll
0x00007ffa4dfb0000 - 0x00007ffa4dfd1000 	C:\ProgramData\A-Volute\DellInc.AlienwareSoundCenter\Modules\ScheduledModules\x64\ProductInfo.dll
0x00007ffac7690000 - 0x00007ffac77ae000 	C:\WINDOWS\System32\MSCTF.dll
0x00007ffab9cc0000 - 0x00007ffab9e66000 	C:\WINDOWS\system32\d3d9.dll
0x00007ffaba8f0000 - 0x00007ffaba9a0000 	C:\WINDOWS\System32\DriverStore\FileRepository\nvdmegpu.inf_amd64_faab152a4d4f14d8\nvldumdx.dll
0x00007ffac4fb0000 - 0x00007ffac4fc2000 	C:\WINDOWS\SYSTEM32\msasn1.dll
0x00007ffabc410000 - 0x00007ffabc441000 	C:\WINDOWS\SYSTEM32\cryptnet.dll
0x000001a908280000 - 0x000001a9083e2000 	C:\WINDOWS\System32\CRYPT32.dll
0x00007ffabc670000 - 0x00007ffabc7b9000 	C:\WINDOWS\SYSTEM32\drvstore.dll
0x00007ffac5cc0000 - 0x00007ffac5cec000 	C:\WINDOWS\SYSTEM32\devobj.dll
0x00007ffac5c70000 - 0x00007ffac5cbc000 	C:\WINDOWS\SYSTEM32\cfgmgr32.dll
0x00007ffac5170000 - 0x00007ffac51b1000 	C:\WINDOWS\SYSTEM32\wldp.dll
0x00007ffac4f70000 - 0x00007ffac4f7c000 	C:\WINDOWS\SYSTEM32\cryptbase.dll
0x00007ffac6020000 - 0x00007ffac6088000 	C:\WINDOWS\System32\WINTRUST.DLL
0x00007ffac81f0000 - 0x00007ffac820f000 	C:\WINDOWS\System32\imagehlp.dll
0x00007ffac5c50000 - 0x00007ffac5c68000 	C:\WINDOWS\SYSTEM32\CRYPTSP.dll
0x00007ffac49b0000 - 0x00007ffac49e5000 	C:\WINDOWS\system32\rsaenh.dll
0x00007ffac5880000 - 0x00007ffac58a7000 	C:\WINDOWS\SYSTEM32\bcrypt.dll
0x00007ffa18590000 - 0x00007ffa19d1d000 	C:\WINDOWS\System32\DriverStore\FileRepository\nvdmegpu.inf_amd64_faab152a4d4f14d8\nvd3dumx.dll
0x00007ffabe100000 - 0x00007ffabe144000 	C:\WINDOWS\SYSTEM32\directxdatabasehelper.dll
0x00007ffac58b0000 - 0x00007ffac58e4000 	C:\WINDOWS\SYSTEM32\ntmarta.dll

dbghelp: loaded successfully - version: 4.0.5 - missing functions: none
symbol engine: initialized successfully - sym options: 0x614 - pdb path: .;C:\Users\youss\AppData\Local\Programs\Eclipse Adoptium\jdk-17.0.3.7-hotspot\bin;C:\WINDOWS\SYSTEM32;C:\WINDOWS\WinSxS\amd64_microsoft.windows.common-controls_6595b64144ccf1df_6.0.22000.120_none_9d947278b86cc467;C:\Users\youss\AppData\Local\Programs\Eclipse Adoptium\jdk-17.0.3.7-hotspot\bin\server;C:\ProgramData\A-Volute\DellInc.AlienwareSoundCenter\Modules\ScheduledModules\x64;C:\WINDOWS\System32\DriverStore\FileRepository\nvdmegpu.inf_amd64_faab152a4d4f14d8

VM Arguments:
jvm_args: -XX:+ShowCodeDetailsInExceptionMessages 
java_command: SquashJudge
java_class_path (initial): C:\Users\youss\AppData\Roaming\Code\User\workspaceStorage\2adf20d1ad364a173b7cd6b561247c79\redhat.java\jdt_ws\SquashProgram_e39fa080\bin
Launcher Type: SUN_STANDARD

[Global flags]
     intx CICompilerCount                          = 12                                        {product} {ergonomic}
     uint ConcGCThreads                            = 3                                         {product} {ergonomic}
     uint G1ConcRefinementThreads                  = 13                                        {product} {ergonomic}
   size_t G1HeapRegionSize                         = 4194304                                   {product} {ergonomic}
    uintx GCDrainStackTargetSize                   = 64                                        {product} {ergonomic}
   size_t InitialHeapSize                          = 536870912                                 {product} {ergonomic}
   size_t MarkStackSize                            = 4194304                                   {product} {ergonomic}
   size_t MaxHeapSize                              = 8539602944                                {product} {ergonomic}
   size_t MaxNewSize                               = 5121245184                                {product} {ergonomic}
   size_t MinHeapDeltaBytes                        = 4194304                                   {product} {ergonomic}
   size_t MinHeapSize                              = 8388608                                   {product} {ergonomic}
    uintx NonNMethodCodeHeapSize                   = 7602480                                {pd product} {ergonomic}
    uintx NonProfiledCodeHeapSize                  = 122027880                              {pd product} {ergonomic}
    uintx ProfiledCodeHeapSize                     = 122027880                              {pd product} {ergonomic}
    uintx ReservedCodeCacheSize                    = 251658240                              {pd product} {ergonomic}
     bool SegmentedCodeCache                       = true                                      {product} {ergonomic}
     bool ShowCodeDetailsInExceptionMessages       = true                                   {manageable} {command line}
   size_t SoftMaxHeapSize                          = 8539602944                             {manageable} {ergonomic}
     bool UseCompressedClassPointers               = true                           {product lp64_product} {ergonomic}
     bool UseCompressedOops                        = true                           {product lp64_product} {ergonomic}
     bool UseG1GC                                  = true                                      {product} {ergonomic}
     bool UseLargePagesIndividualAllocation        = false                                  {pd product} {ergonomic}

Logging:
Log output configuration:
 #0: stdout all=warning uptime,level,tags
 #1: stderr all=off uptime,level,tags

Environment Variables:
JAVA_HOME=C:\Users\youss\AppData\Local\Programs\Eclipse Adoptium\jdk-17.0.3.7-hotspot\
PATH=C:\Program Files\Amazon Corretto\jdk18.0.1_10\bin;C:\WINDOWS\system32;C:\WINDOWS;C:\WINDOWS\System32\Wbem;C:\WINDOWS\System32\WindowsPowerShell\v1.0\;C:\WINDOWS\System32\OpenSSH\;C:\Program Files (x86)\NVIDIA Corporation\PhysX\Common;C:\Program Files\NVIDIA Corporation\NVIDIA NvDLISR;C:\WINDOWS\system32;C:\WINDOWS;C:\WINDOWS\System32\Wbem;C:\WINDOWS\System32\WindowsPowerShell\v1.0\;C:\WINDOWS\System32\OpenSSH\;C:\Program Files\dotnet\;C:\ProgramData\chocolatey\bin;C:\xampp\mysql\bin;C:\Program Files\Git\cmd;C:\Program Files\nodejs\;C:\Users\youss\anaconda3\Scripts;C:\Users\youss\anaconda3\Library\bin;C:\Program Files\MySQL\MySQL Shell 8.0\bin\;C:\Users\youss\AppData\Local\Programs\Eclipse Adoptium\jdk-17.0.3.7-hotspot\bin;C:\Users\youss\AppData\Local\Microsoft\WindowsApps;C:\msys64\mingw64\bin;C:\Users\youss\AppData\Local\Programs\Microsoft VS Code\bin;C:\xampp\mysql\bin;C:\Users\youss\AppData\Roaming\npm
USERNAME=Youssef
LANG=en_US.UTF-8
OS=Windows_NT
PROCESSOR_IDENTIFIER=Intel64 Family 6 Model 158 Stepping 12, GenuineIntel



---------------  S Y S T E M  ---------------

OS:
 Windows 11 , 64 bit Build 22000 (10.0.22000.708)
OS uptime: 0 days 20:12 hours

CPU: total 16 (initial active 16) (8 cores per cpu, 2 threads per core) family 6 model 158 stepping 12 microcode 0xf0, cx8, cmov, fxsr, ht, mmx, 3dnowpref, sse, sse2, sse3, ssse3, sse4.1, sse4.2, popcnt, lzcnt, tsc, tscinvbit, avx, avx2, aes, erms, clmul, bmi1, bmi2, rtm, adx, fma, vzeroupper, clflush, clflushopt

Memory: 4k page, system-wide physical 32569M (11139M free)
TotalPageFile size 93602M (AvailPageFile size 2M)
current process WorkingSet (physical memory assigned to process): 55M, peak: 55M
current process commit charge ("private bytes"): 634M, peak: 634M

vm_info: OpenJDK 64-Bit Server VM (17.0.3+7) for windows-amd64 JRE (17.0.3+7), built on Apr 19 2022 16:55:35 by "" with MS VC++ 16.7 (VS2019)

END.
